<?xml version="1.0" encoding="UTF-8"?>
<!-- Generated by org.testng.reporters.JUnitReportReporter -->
<testsuite hostname="LAPTOP-1BNHRBMA" failures="0" tests="4" name="Com.Qa.ParaBankDemo.ParaBankDemoAutomation" time="1.103" errors="0" timestamp="15 Jul 2021 06:49:23 GMT">
  <testcase classname="Com.Qa.ParaBankDemo.ParaBankDemoAutomation" name="searchBarTest" time="0.025"/>
  <testcase classname="Com.Qa.ParaBankDemo.ParaBankDemoAutomation" name="logoutLinkTest" time="0.046"/>
  <testcase classname="Com.Qa.ParaBankDemo.ParaBankDemoAutomation" name="verifypagetitlebefore" time="0.006"/>
  <testcase classname="Com.Qa.ParaBankDemo.ParaBankDemoAutomation" name="verifyCredentialsTest" time="1.026"/>
</testsuite> <!-- Com.Qa.ParaBankDemo.ParaBankDemoAutomation -->
