<?xml version="1.0" encoding="UTF-8"?>
<!-- Generated by org.testng.reporters.JUnitReportReporter -->
<testsuite hostname="LAPTOP-1BNHRBMA" failures="0" tests="4" name="Com.Qa.ParaBankDemo.ParaBankDemoAutomation" time="1.705" errors="0" timestamp="2021-07-16T10:34:33 IST" skipped="0">
  <testcase classname="Com.Qa.ParaBankDemo.ParaBankDemoAutomation" name="verifypagetitlebefore" time="0.005"/>
  <system-out/>
  <testcase classname="Com.Qa.ParaBankDemo.ParaBankDemoAutomation" name="logoutLinkTest" time="0.048"/>
  <system-out/>
  <testcase classname="Com.Qa.ParaBankDemo.ParaBankDemoAutomation" name="verifyCredentialsTest" time="1.623"/>
  <system-out/>
  <testcase classname="Com.Qa.ParaBankDemo.ParaBankDemoAutomation" name="searchBarTest" time="0.029"/>
  <system-out/>
</testsuite> <!-- Com.Qa.ParaBankDemo.ParaBankDemoAutomation -->
